[16-Jan-2026 14:30:58 UTC] PHP Fatal error:  Uncaught Error: Class "MN\SiteInfo\Autoloader" not found in /var/www/html/wp-content/plugins/mn-api/mn-api.php:13
Stack trace:
#0 /var/www/html/wp-admin/includes/plugin.php(2400): include_once()
#1 /var/www/html/wp-admin/includes/plugin.php(673): plugin_sandbox_scrape('mn-api/mn-api.p...')
#2 /var/www/html/wp-admin/plugins.php(60): activate_plugin('mn-api/mn-api.p...', 'http://localhos...', false)
#3 {main}
  thrown in /var/www/html/wp-content/plugins/mn-api/mn-api.php on line 13
[16-Jan-2026 14:31:42 UTC] PHP Fatal error:  Uncaught Error: Class "MN\SiteInfo\Autoloader" not found in /var/www/html/wp-content/plugins/mn-api/mn-api.php:13
Stack trace:
#0 /var/www/html/wp-admin/includes/plugin.php(2400): include_once()
#1 /var/www/html/wp-admin/includes/plugin.php(673): plugin_sandbox_scrape('mn-api/mn-api.p...')
#2 /var/www/html/wp-admin/plugins.php(60): activate_plugin('mn-api/mn-api.p...', 'http://localhos...', false)
#3 {main}
  thrown in /var/www/html/wp-content/plugins/mn-api/mn-api.php on line 13
[16-Jan-2026 14:31:53 UTC] PHP Fatal error:  Uncaught Error: Class "MN\SiteInfo\Autoloader" not found in /var/www/html/wp-content/plugins/mn-api/mn-api.php:13
Stack trace:
#0 /var/www/html/wp-admin/includes/plugin.php(2400): include_once()
#1 /var/www/html/wp-admin/includes/plugin.php(673): plugin_sandbox_scrape('mn-api/mn-api.p...')
#2 /var/www/html/wp-admin/plugins.php(60): activate_plugin('mn-api/mn-api.p...', 'http://localhos...', false)
#3 {main}
  thrown in /var/www/html/wp-content/plugins/mn-api/mn-api.php on line 13
[16-Jan-2026 14:32:25 UTC] PHP Fatal error:  Uncaught Error: Class "MN\SiteInfo\Autoloader" not found in /var/www/html/wp-content/plugins/mn-api/mn-api.php:13
Stack trace:
#0 /var/www/html/wp-admin/includes/plugin.php(2400): include_once()
#1 /var/www/html/wp-admin/includes/plugin.php(673): plugin_sandbox_scrape('mn-api/mn-api.p...')
#2 /var/www/html/wp-admin/plugins.php(60): activate_plugin('mn-api/mn-api.p...', 'http://localhos...', false)
#3 {main}
  thrown in /var/www/html/wp-content/plugins/mn-api/mn-api.php on line 13
[16-Jan-2026 14:32:39 UTC] PHP Fatal error:  Uncaught Error: Class "MN\SiteInfo\Autoloader" not found in /var/www/html/wp-content/plugins/mn-api/mn-api.php:13
Stack trace:
#0 /var/www/html/wp-admin/includes/plugin.php(2400): include_once()
#1 /var/www/html/wp-admin/includes/plugin.php(673): plugin_sandbox_scrape('mn-api/mn-api.p...')
#2 /var/www/html/wp-admin/plugins.php(60): activate_plugin('mn-api/mn-api.p...', 'http://localhos...', false)
#3 {main}
  thrown in /var/www/html/wp-content/plugins/mn-api/mn-api.php on line 13
[16-Jan-2026 14:33:56 UTC] PHP Fatal error:  Uncaught Error: Class "MN\SiteInfo\Autoloader" not found in /var/www/html/wp-content/plugins/mn-api/mn-api.php:13
Stack trace:
#0 /var/www/html/wp-admin/includes/plugin.php(2400): include_once()
#1 /var/www/html/wp-admin/includes/plugin.php(673): plugin_sandbox_scrape('mn-api/mn-api.p...')
#2 /var/www/html/wp-admin/plugins.php(60): activate_plugin('mn-api/mn-api.p...', 'http://localhos...', false)
#3 {main}
  thrown in /var/www/html/wp-content/plugins/mn-api/mn-api.php on line 13
[16-Jan-2026 14:34:36 UTC] PHP Fatal error:  Uncaught Error: Class "MN\SiteInfo\Autoloader" not found in /var/www/html/wp-content/plugins/mn-api/mn-api.php:13
Stack trace:
#0 /var/www/html/wp-admin/includes/plugin.php(2400): include_once()
#1 /var/www/html/wp-admin/includes/plugin.php(673): plugin_sandbox_scrape('mn-api/mn-api.p...')
#2 /var/www/html/wp-admin/plugins.php(60): activate_plugin('mn-api/mn-api.p...', 'http://localhos...', false)
#3 {main}
  thrown in /var/www/html/wp-content/plugins/mn-api/mn-api.php on line 13
[16-Jan-2026 14:41:54 UTC] PHP Fatal error:  Uncaught Error: Class "MN\SiteInfo\Autoloader" not found in /var/www/html/wp-content/plugins/mn-api/mn-api.php:13
Stack trace:
#0 /var/www/html/wp-admin/includes/plugin.php(2400): include_once()
#1 /var/www/html/wp-admin/includes/plugin.php(673): plugin_sandbox_scrape('mn-api/mn-api.p...')
#2 /var/www/html/wp-admin/plugins.php(60): activate_plugin('mn-api/mn-api.p...', 'http://localhos...', false)
#3 {main}
  thrown in /var/www/html/wp-content/plugins/mn-api/mn-api.php on line 13
[16-Jan-2026 14:45:34 UTC] PHP Fatal error:  Uncaught Error: Class "MN\Api\Autoloader" not found in /var/www/html/wp-content/plugins/mn-api/mn-api.php:13
Stack trace:
#0 /var/www/html/wp-admin/includes/plugin.php(2400): include_once()
#1 /var/www/html/wp-admin/includes/plugin.php(673): plugin_sandbox_scrape('mn-api/mn-api.p...')
#2 /var/www/html/wp-admin/plugins.php(60): activate_plugin('mn-api/mn-api.p...', 'http://localhos...', false)
#3 {main}
  thrown in /var/www/html/wp-content/plugins/mn-api/mn-api.php on line 13
[20-Jan-2026 13:25:27 UTC] PHP Warning:  foreach() argument must be of type array|object, string given in /var/www/html/wp-content/themes/motnet-selection/components/exercise-3/exercise-3.php on line 62
[20-Jan-2026 13:25:27 UTC] PHP Fatal error:  Uncaught TypeError: count(): Argument #1 ($value) must be of type Countable|array, string given in /var/www/html/wp-content/themes/motnet-selection/components/exercise-3/exercise-3.php:67
Stack trace:
#0 /var/www/html/wp-includes/shortcodes.php(434): exercise_3_item_shortcode(Array, '</p>\n<p>Fugiat ...', 'exercise-3-item')
#1 [internal function]: do_shortcode_tag(Array)
#2 /var/www/html/wp-includes/shortcodes.php(273): preg_replace_callback('/\\[(\\[?)(exerci...', 'do_shortcode_ta...', '<br />\n  [exerc...')
#3 /var/www/html/wp-content/themes/motnet-selection/components/exercise-3/exercise-3.php(31): do_shortcode('<br />\n  [exerc...')
#4 /var/www/html/wp-includes/shortcodes.php(434): exercise_3_wrapper_shortcode(Array, '<br />\n  [exerc...', 'exercise-3-wrap...')
#5 [internal function]: do_shortcode_tag(Array)
#6 /var/www/html/wp-includes/shortcodes.php(273): preg_replace_callback('/\\[(\\[?)(exerci...', 'do_shortcode_ta...', '[exercise-3-wra...')
#7 /var/www/html/wp-content/themes/motnet-selection/components/exercise-3/exercise-3.php(24): do_shortcode('[exercise-3-wra...')
#8 /var/www/html/wp-includes/shortcodes.php(434): exercise_3_shortcode(Array, '[exercise-3-wra...', 'exercise-3')
#9 [internal function]: do_shortcode_tag(Array)
#10 /var/www/html/wp-includes/shortcodes.php(273): preg_replace_callback('/\\[(\\[?)(exerci...', 'do_shortcode_ta...', '<p><!-- Exercis...')
#11 /var/www/html/wp-includes/class-wp-hook.php(341): do_shortcode('<p><!-- Exercis...')
#12 /var/www/html/wp-includes/plugin.php(205): WP_Hook->apply_filters('<p><!-- Exercis...', Array)
#13 /var/www/html/wp-includes/post-template.php(256): apply_filters('the_content', '<!-- Exercise 1...')
#14 /var/www/html/wp-content/themes/motnet-selection/page.php(7): the_content()
#15 /var/www/html/wp-includes/template-loader.php(125): include('/var/www/html/w...')
#16 /var/www/html/wp-blog-header.php(19): require_once('/var/www/html/w...')
#17 /var/www/html/index.php(17): require('/var/www/html/w...')
#18 {main}
  thrown in /var/www/html/wp-content/themes/motnet-selection/components/exercise-3/exercise-3.php on line 67
[20-Jan-2026 16:14:15 UTC] PHP Warning:  mysqli_real_connect(): (HY000/2002): Connection refused in /var/www/html/wp-includes/class-wpdb.php on line 1994
[20-Jan-2026 16:14:15 UTC] PHP Warning:  mysqli_real_connect(): (HY000/2002): Connection refused in /var/www/html/wp-includes/class-wpdb.php on line 1994
[20-Jan-2026 16:14:15 UTC] PHP Warning:  mysqli_real_connect(): (HY000/2002): Connection refused in /var/www/html/wp-includes/class-wpdb.php on line 1994
[20-Jan-2026 16:14:16 UTC] PHP Warning:  mysqli_real_connect(): (HY000/2002): Connection refused in /var/www/html/wp-includes/class-wpdb.php on line 1994
[20-Jan-2026 16:14:16 UTC] PHP Warning:  mysqli_real_connect(): (HY000/2002): Connection refused in /var/www/html/wp-includes/class-wpdb.php on line 1994
[20-Jan-2026 16:14:16 UTC] PHP Warning:  mysqli_real_connect(): (HY000/2002): Connection refused in /var/www/html/wp-includes/class-wpdb.php on line 1994
[20-Jan-2026 16:14:16 UTC] PHP Warning:  mysqli_real_connect(): (HY000/2002): Connection refused in /var/www/html/wp-includes/class-wpdb.php on line 1994
[20-Jan-2026 16:14:16 UTC] PHP Warning:  mysqli_real_connect(): (HY000/2002): Connection refused in /var/www/html/wp-includes/class-wpdb.php on line 1994
[20-Jan-2026 16:14:16 UTC] PHP Warning:  mysqli_real_connect(): (HY000/2002): Connection refused in /var/www/html/wp-includes/class-wpdb.php on line 1994
[20-Jan-2026 16:14:17 UTC] PHP Warning:  mysqli_real_connect(): (HY000/2002): Connection refused in /var/www/html/wp-includes/class-wpdb.php on line 1994
[20-Jan-2026 16:14:17 UTC] PHP Warning:  mysqli_real_connect(): (HY000/2002): Connection refused in /var/www/html/wp-includes/class-wpdb.php on line 1994
[20-Jan-2026 16:14:17 UTC] PHP Warning:  mysqli_real_connect(): (HY000/2002): Connection refused in /var/www/html/wp-includes/class-wpdb.php on line 1994
[20-Jan-2026 16:14:17 UTC] PHP Warning:  mysqli_real_connect(): (HY000/2002): Connection refused in /var/www/html/wp-includes/class-wpdb.php on line 1994
[20-Jan-2026 16:14:17 UTC] PHP Warning:  mysqli_real_connect(): (HY000/2002): Connection refused in /var/www/html/wp-includes/class-wpdb.php on line 1994
[20-Jan-2026 16:14:17 UTC] PHP Warning:  mysqli_real_connect(): (HY000/2002): Connection refused in /var/www/html/wp-includes/class-wpdb.php on line 1994
[20-Jan-2026 16:14:17 UTC] PHP Warning:  mysqli_real_connect(): (HY000/2002): Connection refused in /var/www/html/wp-includes/class-wpdb.php on line 1994
[20-Jan-2026 16:14:17 UTC] PHP Warning:  mysqli_real_connect(): (HY000/2002): Connection refused in /var/www/html/wp-includes/class-wpdb.php on line 1994
[20-Jan-2026 16:14:17 UTC] PHP Warning:  mysqli_real_connect(): (HY000/2002): Connection refused in /var/www/html/wp-includes/class-wpdb.php on line 1994
[20-Jan-2026 16:14:18 UTC] PHP Warning:  mysqli_real_connect(): (HY000/2002): Connection refused in /var/www/html/wp-includes/class-wpdb.php on line 1994
[20-Jan-2026 16:14:18 UTC] PHP Warning:  mysqli_real_connect(): (HY000/2002): Connection refused in /var/www/html/wp-includes/class-wpdb.php on line 1994
[20-Jan-2026 16:14:18 UTC] PHP Warning:  mysqli_real_connect(): (HY000/2002): Connection refused in /var/www/html/wp-includes/class-wpdb.php on line 1994
[20-Jan-2026 16:14:19 UTC] PHP Warning:  mysqli_real_connect(): (HY000/2002): Connection refused in /var/www/html/wp-includes/class-wpdb.php on line 1994
[20-Jan-2026 16:14:19 UTC] PHP Warning:  mysqli_real_connect(): (HY000/2002): Connection refused in /var/www/html/wp-includes/class-wpdb.php on line 1994
[20-Jan-2026 16:14:19 UTC] PHP Warning:  mysqli_real_connect(): (HY000/2002): Connection refused in /var/www/html/wp-includes/class-wpdb.php on line 1994
[20-Jan-2026 16:14:19 UTC] PHP Warning:  mysqli_real_connect(): (HY000/2002): Connection refused in /var/www/html/wp-includes/class-wpdb.php on line 1994
[20-Jan-2026 16:14:19 UTC] PHP Warning:  mysqli_real_connect(): (HY000/2002): Connection refused in /var/www/html/wp-includes/class-wpdb.php on line 1994
[20-Jan-2026 16:14:19 UTC] PHP Warning:  mysqli_real_connect(): (HY000/2002): Connection refused in /var/www/html/wp-includes/class-wpdb.php on line 1994
[20-Jan-2026 16:14:19 UTC] PHP Warning:  mysqli_real_connect(): (HY000/2002): Connection refused in /var/www/html/wp-includes/class-wpdb.php on line 1994
[20-Jan-2026 16:14:20 UTC] PHP Warning:  mysqli_real_connect(): (HY000/2002): Connection refused in /var/www/html/wp-includes/class-wpdb.php on line 1994
[20-Jan-2026 16:14:20 UTC] PHP Warning:  mysqli_real_connect(): (HY000/2002): Connection refused in /var/www/html/wp-includes/class-wpdb.php on line 1994
[20-Jan-2026 16:14:20 UTC] PHP Warning:  mysqli_real_connect(): (HY000/2002): Connection refused in /var/www/html/wp-includes/class-wpdb.php on line 1994
[20-Jan-2026 16:14:20 UTC] PHP Warning:  mysqli_real_connect(): (HY000/2002): Connection refused in /var/www/html/wp-includes/class-wpdb.php on line 1994
[20-Jan-2026 16:14:20 UTC] PHP Warning:  mysqli_real_connect(): (HY000/2002): Connection refused in /var/www/html/wp-includes/class-wpdb.php on line 1994
[20-Jan-2026 16:14:20 UTC] PHP Warning:  mysqli_real_connect(): (HY000/2002): Connection refused in /var/www/html/wp-includes/class-wpdb.php on line 1994
[20-Jan-2026 16:14:20 UTC] PHP Warning:  mysqli_real_connect(): (HY000/2002): Connection refused in /var/www/html/wp-includes/class-wpdb.php on line 1994
[20-Jan-2026 16:14:20 UTC] PHP Warning:  mysqli_real_connect(): (HY000/2002): Connection refused in /var/www/html/wp-includes/class-wpdb.php on line 1994
[20-Jan-2026 16:14:20 UTC] PHP Warning:  mysqli_real_connect(): (HY000/2002): Connection refused in /var/www/html/wp-includes/class-wpdb.php on line 1994
[20-Jan-2026 16:14:20 UTC] PHP Warning:  mysqli_real_connect(): (HY000/2002): Connection refused in /var/www/html/wp-includes/class-wpdb.php on line 1994
[20-Jan-2026 16:14:20 UTC] PHP Warning:  mysqli_real_connect(): (HY000/2002): Connection refused in /var/www/html/wp-includes/class-wpdb.php on line 1994
[20-Jan-2026 16:14:21 UTC] PHP Warning:  mysqli_real_connect(): (HY000/2002): Connection refused in /var/www/html/wp-includes/class-wpdb.php on line 1994
[20-Jan-2026 16:14:21 UTC] PHP Warning:  mysqli_real_connect(): (HY000/2002): Connection refused in /var/www/html/wp-includes/class-wpdb.php on line 1994
[20-Jan-2026 16:14:21 UTC] PHP Warning:  mysqli_real_connect(): (HY000/2002): Connection refused in /var/www/html/wp-includes/class-wpdb.php on line 1994
[20-Jan-2026 16:14:21 UTC] PHP Warning:  mysqli_real_connect(): (HY000/2002): Connection refused in /var/www/html/wp-includes/class-wpdb.php on line 1994
[20-Jan-2026 16:14:21 UTC] PHP Warning:  mysqli_real_connect(): (HY000/2002): Connection refused in /var/www/html/wp-includes/class-wpdb.php on line 1994
[20-Jan-2026 16:14:21 UTC] PHP Warning:  mysqli_real_connect(): (HY000/2002): Connection refused in /var/www/html/wp-includes/class-wpdb.php on line 1994
[20-Jan-2026 16:14:21 UTC] PHP Warning:  mysqli_real_connect(): (HY000/2002): Connection refused in /var/www/html/wp-includes/class-wpdb.php on line 1994
[20-Jan-2026 16:14:21 UTC] PHP Warning:  mysqli_real_connect(): (HY000/2002): Connection refused in /var/www/html/wp-includes/class-wpdb.php on line 1994
[20-Jan-2026 16:14:21 UTC] PHP Warning:  mysqli_real_connect(): (HY000/2002): Connection refused in /var/www/html/wp-includes/class-wpdb.php on line 1994
[20-Jan-2026 16:14:21 UTC] PHP Warning:  mysqli_real_connect(): (HY000/2002): Connection refused in /var/www/html/wp-includes/class-wpdb.php on line 1994
[20-Jan-2026 16:14:21 UTC] PHP Warning:  mysqli_real_connect(): (HY000/2002): Connection refused in /var/www/html/wp-includes/class-wpdb.php on line 1994
[20-Jan-2026 16:14:21 UTC] PHP Warning:  mysqli_real_connect(): (HY000/2002): Connection refused in /var/www/html/wp-includes/class-wpdb.php on line 1994
[20-Jan-2026 16:14:21 UTC] PHP Warning:  mysqli_real_connect(): (HY000/2002): Connection refused in /var/www/html/wp-includes/class-wpdb.php on line 1994
[20-Jan-2026 16:14:21 UTC] PHP Warning:  mysqli_real_connect(): (HY000/2002): Connection refused in /var/www/html/wp-includes/class-wpdb.php on line 1994
[20-Jan-2026 16:14:22 UTC] PHP Warning:  mysqli_real_connect(): (HY000/2002): Connection refused in /var/www/html/wp-includes/class-wpdb.php on line 1994
[20-Jan-2026 16:14:22 UTC] PHP Warning:  mysqli_real_connect(): (HY000/2002): Connection refused in /var/www/html/wp-includes/class-wpdb.php on line 1994
[20-Jan-2026 16:14:22 UTC] PHP Warning:  mysqli_real_connect(): (HY000/2002): Connection refused in /var/www/html/wp-includes/class-wpdb.php on line 1994
[20-Jan-2026 16:14:22 UTC] PHP Warning:  mysqli_real_connect(): (HY000/2002): Connection refused in /var/www/html/wp-includes/class-wpdb.php on line 1994
[20-Jan-2026 16:14:22 UTC] PHP Warning:  mysqli_real_connect(): (HY000/2002): Connection refused in /var/www/html/wp-includes/class-wpdb.php on line 1994
[20-Jan-2026 16:14:22 UTC] PHP Warning:  mysqli_real_connect(): (HY000/2002): Connection refused in /var/www/html/wp-includes/class-wpdb.php on line 1994
[20-Jan-2026 16:14:22 UTC] PHP Warning:  mysqli_real_connect(): (HY000/2002): Connection refused in /var/www/html/wp-includes/class-wpdb.php on line 1994
[20-Jan-2026 16:14:22 UTC] PHP Warning:  mysqli_real_connect(): (HY000/2002): Connection refused in /var/www/html/wp-includes/class-wpdb.php on line 1994
[20-Jan-2026 16:14:22 UTC] PHP Warning:  mysqli_real_connect(): (HY000/2002): Connection refused in /var/www/html/wp-includes/class-wpdb.php on line 1994
[20-Jan-2026 16:14:22 UTC] PHP Warning:  mysqli_real_connect(): (HY000/2002): Connection refused in /var/www/html/wp-includes/class-wpdb.php on line 1994
[20-Jan-2026 16:14:22 UTC] PHP Warning:  mysqli_real_connect(): (HY000/2002): Connection refused in /var/www/html/wp-includes/class-wpdb.php on line 1994
[20-Jan-2026 16:14:22 UTC] PHP Warning:  mysqli_real_connect(): (HY000/2002): Connection refused in /var/www/html/wp-includes/class-wpdb.php on line 1994
[20-Jan-2026 16:14:22 UTC] PHP Warning:  mysqli_real_connect(): (HY000/2002): Connection refused in /var/www/html/wp-includes/class-wpdb.php on line 1994
[20-Jan-2026 16:14:22 UTC] PHP Warning:  mysqli_real_connect(): (HY000/2002): Connection refused in /var/www/html/wp-includes/class-wpdb.php on line 1994
[20-Jan-2026 16:14:22 UTC] PHP Warning:  mysqli_real_connect(): (HY000/2002): Connection refused in /var/www/html/wp-includes/class-wpdb.php on line 1994
[20-Jan-2026 16:14:22 UTC] PHP Warning:  mysqli_real_connect(): (HY000/2002): Connection refused in /var/www/html/wp-includes/class-wpdb.php on line 1994
[20-Jan-2026 16:14:22 UTC] PHP Warning:  mysqli_real_connect(): (HY000/2002): Connection refused in /var/www/html/wp-includes/class-wpdb.php on line 1994
[20-Jan-2026 16:14:22 UTC] PHP Warning:  mysqli_real_connect(): (HY000/2002): Connection refused in /var/www/html/wp-includes/class-wpdb.php on line 1994
[20-Jan-2026 16:14:23 UTC] PHP Warning:  mysqli_real_connect(): (HY000/2002): Connection refused in /var/www/html/wp-includes/class-wpdb.php on line 1994
[20-Jan-2026 16:14:23 UTC] PHP Warning:  mysqli_real_connect(): (HY000/2002): Connection refused in /var/www/html/wp-includes/class-wpdb.php on line 1994
[20-Jan-2026 16:14:23 UTC] PHP Warning:  mysqli_real_connect(): (HY000/2002): Connection refused in /var/www/html/wp-includes/class-wpdb.php on line 1994
[20-Jan-2026 16:14:23 UTC] PHP Warning:  mysqli_real_connect(): (HY000/2002): Connection refused in /var/www/html/wp-includes/class-wpdb.php on line 1994
[20-Jan-2026 16:14:23 UTC] PHP Warning:  mysqli_real_connect(): (HY000/2002): Connection refused in /var/www/html/wp-includes/class-wpdb.php on line 1994
[20-Jan-2026 16:14:23 UTC] PHP Warning:  mysqli_real_connect(): (HY000/2002): Connection refused in /var/www/html/wp-includes/class-wpdb.php on line 1994
[20-Jan-2026 16:14:23 UTC] PHP Warning:  mysqli_real_connect(): (HY000/2002): Connection refused in /var/www/html/wp-includes/class-wpdb.php on line 1994
[20-Jan-2026 16:14:24 UTC] PHP Warning:  mysqli_real_connect(): (HY000/2002): Connection refused in /var/www/html/wp-includes/class-wpdb.php on line 1994
[20-Jan-2026 16:14:24 UTC] PHP Warning:  mysqli_real_connect(): (HY000/2002): Connection refused in /var/www/html/wp-includes/class-wpdb.php on line 1994
[20-Jan-2026 16:14:24 UTC] PHP Warning:  mysqli_real_connect(): (HY000/2002): Connection refused in /var/www/html/wp-includes/class-wpdb.php on line 1994
[20-Jan-2026 16:15:59 UTC] PHP Warning:  mysqli_real_connect(): (HY000/2002): Connection refused in /var/www/html/wp-includes/class-wpdb.php on line 1994
[20-Jan-2026 16:15:59 UTC] PHP Warning:  mysqli_real_connect(): (HY000/2002): Connection refused in /var/www/html/wp-includes/class-wpdb.php on line 1994
[20-Jan-2026 16:15:59 UTC] PHP Warning:  mysqli_real_connect(): (HY000/2002): Connection refused in /var/www/html/wp-includes/class-wpdb.php on line 1994
[20-Jan-2026 16:16:00 UTC] PHP Warning:  mysqli_real_connect(): (HY000/2002): Connection refused in /var/www/html/wp-includes/class-wpdb.php on line 1994
[20-Jan-2026 16:16:00 UTC] PHP Warning:  mysqli_real_connect(): (HY000/2002): Connection refused in /var/www/html/wp-includes/class-wpdb.php on line 1994
[20-Jan-2026 16:16:00 UTC] PHP Warning:  mysqli_real_connect(): (HY000/2002): Connection refused in /var/www/html/wp-includes/class-wpdb.php on line 1994
[20-Jan-2026 16:16:00 UTC] PHP Warning:  mysqli_real_connect(): (HY000/2002): Connection refused in /var/www/html/wp-includes/class-wpdb.php on line 1994
[20-Jan-2026 16:16:00 UTC] PHP Warning:  mysqli_real_connect(): (HY000/2002): Connection refused in /var/www/html/wp-includes/class-wpdb.php on line 1994
[20-Jan-2026 16:16:00 UTC] PHP Warning:  mysqli_real_connect(): (HY000/2002): Connection refused in /var/www/html/wp-includes/class-wpdb.php on line 1994
[20-Jan-2026 16:16:01 UTC] PHP Warning:  mysqli_real_connect(): (HY000/2002): Connection refused in /var/www/html/wp-includes/class-wpdb.php on line 1994
[20-Jan-2026 16:16:01 UTC] PHP Warning:  mysqli_real_connect(): (HY000/2002): Connection refused in /var/www/html/wp-includes/class-wpdb.php on line 1994
[20-Jan-2026 16:16:01 UTC] PHP Warning:  mysqli_real_connect(): (HY000/2002): Connection refused in /var/www/html/wp-includes/class-wpdb.php on line 1994
[20-Jan-2026 16:16:01 UTC] PHP Warning:  mysqli_real_connect(): (HY000/2002): Connection refused in /var/www/html/wp-includes/class-wpdb.php on line 1994
[20-Jan-2026 16:16:01 UTC] PHP Warning:  mysqli_real_connect(): (HY000/2002): Connection refused in /var/www/html/wp-includes/class-wpdb.php on line 1994
[20-Jan-2026 16:16:01 UTC] PHP Warning:  mysqli_real_connect(): (HY000/2002): Connection refused in /var/www/html/wp-includes/class-wpdb.php on line 1994
[20-Jan-2026 16:16:02 UTC] PHP Warning:  mysqli_real_connect(): (HY000/2002): Connection refused in /var/www/html/wp-includes/class-wpdb.php on line 1994
[20-Jan-2026 16:16:02 UTC] PHP Warning:  mysqli_real_connect(): (HY000/2002): Connection refused in /var/www/html/wp-includes/class-wpdb.php on line 1994
[20-Jan-2026 16:16:02 UTC] PHP Warning:  mysqli_real_connect(): (HY000/2002): Connection refused in /var/www/html/wp-includes/class-wpdb.php on line 1994
[20-Jan-2026 16:16:02 UTC] PHP Warning:  mysqli_real_connect(): (HY000/2002): Connection refused in /var/www/html/wp-includes/class-wpdb.php on line 1994
[20-Jan-2026 16:16:02 UTC] PHP Warning:  mysqli_real_connect(): (HY000/2002): Connection refused in /var/www/html/wp-includes/class-wpdb.php on line 1994
[20-Jan-2026 16:16:02 UTC] PHP Warning:  mysqli_real_connect(): (HY000/2002): Connection refused in /var/www/html/wp-includes/class-wpdb.php on line 1994
[20-Jan-2026 16:16:03 UTC] PHP Warning:  mysqli_real_connect(): (HY000/2002): Connection refused in /var/www/html/wp-includes/class-wpdb.php on line 1994
[20-Jan-2026 16:16:03 UTC] PHP Warning:  mysqli_real_connect(): (HY000/2002): Connection refused in /var/www/html/wp-includes/class-wpdb.php on line 1994
[20-Jan-2026 16:16:03 UTC] PHP Warning:  mysqli_real_connect(): (HY000/2002): Connection refused in /var/www/html/wp-includes/class-wpdb.php on line 1994
[20-Jan-2026 16:16:03 UTC] PHP Warning:  mysqli_real_connect(): (HY000/2002): Connection refused in /var/www/html/wp-includes/class-wpdb.php on line 1994
[20-Jan-2026 16:16:03 UTC] PHP Warning:  mysqli_real_connect(): (HY000/2002): Connection refused in /var/www/html/wp-includes/class-wpdb.php on line 1994
[20-Jan-2026 16:16:03 UTC] PHP Warning:  mysqli_real_connect(): (HY000/2002): Connection refused in /var/www/html/wp-includes/class-wpdb.php on line 1994
[20-Jan-2026 16:16:04 UTC] PHP Warning:  mysqli_real_connect(): (HY000/2002): Connection refused in /var/www/html/wp-includes/class-wpdb.php on line 1994
[20-Jan-2026 16:16:04 UTC] PHP Warning:  mysqli_real_connect(): (HY000/2002): Connection refused in /var/www/html/wp-includes/class-wpdb.php on line 1994
[20-Jan-2026 16:16:04 UTC] PHP Warning:  mysqli_real_connect(): (HY000/2002): Connection refused in /var/www/html/wp-includes/class-wpdb.php on line 1994
[20-Jan-2026 16:16:04 UTC] PHP Warning:  mysqli_real_connect(): (HY000/2002): Connection refused in /var/www/html/wp-includes/class-wpdb.php on line 1994
[20-Jan-2026 16:16:04 UTC] PHP Warning:  mysqli_real_connect(): (HY000/2002): Connection refused in /var/www/html/wp-includes/class-wpdb.php on line 1994
[20-Jan-2026 16:16:04 UTC] PHP Warning:  mysqli_real_connect(): (HY000/2002): Connection refused in /var/www/html/wp-includes/class-wpdb.php on line 1994
[20-Jan-2026 16:16:04 UTC] PHP Warning:  mysqli_real_connect(): (HY000/2002): Connection refused in /var/www/html/wp-includes/class-wpdb.php on line 1994
[20-Jan-2026 16:16:04 UTC] PHP Warning:  mysqli_real_connect(): (HY000/2002): Connection refused in /var/www/html/wp-includes/class-wpdb.php on line 1994
[20-Jan-2026 16:16:04 UTC] PHP Warning:  mysqli_real_connect(): (HY000/2002): Connection refused in /var/www/html/wp-includes/class-wpdb.php on line 1994
[20-Jan-2026 16:16:04 UTC] PHP Warning:  mysqli_real_connect(): (HY000/2002): Connection refused in /var/www/html/wp-includes/class-wpdb.php on line 1994
[20-Jan-2026 16:16:04 UTC] PHP Warning:  mysqli_real_connect(): (HY000/2002): Connection refused in /var/www/html/wp-includes/class-wpdb.php on line 1994
[20-Jan-2026 16:16:04 UTC] PHP Warning:  mysqli_real_connect(): (HY000/2002): Connection refused in /var/www/html/wp-includes/class-wpdb.php on line 1994
[20-Jan-2026 16:16:04 UTC] PHP Warning:  mysqli_real_connect(): (HY000/2002): Connection refused in /var/www/html/wp-includes/class-wpdb.php on line 1994
[20-Jan-2026 16:16:04 UTC] PHP Warning:  mysqli_real_connect(): (HY000/2002): Connection refused in /var/www/html/wp-includes/class-wpdb.php on line 1994
[20-Jan-2026 16:16:04 UTC] PHP Warning:  mysqli_real_connect(): (HY000/2002): Connection refused in /var/www/html/wp-includes/class-wpdb.php on line 1994
[20-Jan-2026 16:16:05 UTC] PHP Warning:  mysqli_real_connect(): (HY000/2002): Connection refused in /var/www/html/wp-includes/class-wpdb.php on line 1994
[20-Jan-2026 16:16:05 UTC] PHP Warning:  mysqli_real_connect(): (HY000/2002): Connection refused in /var/www/html/wp-includes/class-wpdb.php on line 1994
[20-Jan-2026 16:16:05 UTC] PHP Warning:  mysqli_real_connect(): (HY000/2002): Connection refused in /var/www/html/wp-includes/class-wpdb.php on line 1994
[20-Jan-2026 16:16:05 UTC] PHP Warning:  mysqli_real_connect(): (HY000/2002): Connection refused in /var/www/html/wp-includes/class-wpdb.php on line 1994
[20-Jan-2026 16:16:06 UTC] PHP Warning:  mysqli_real_connect(): (HY000/2002): Connection refused in /var/www/html/wp-includes/class-wpdb.php on line 1994
[20-Jan-2026 16:16:06 UTC] PHP Warning:  mysqli_real_connect(): (HY000/2002): Connection refused in /var/www/html/wp-includes/class-wpdb.php on line 1994
[21-Jan-2026 08:02:29 UTC] PHP Warning:  mysqli_real_connect(): (HY000/2002): Connection refused in /var/www/html/wp-includes/class-wpdb.php on line 1994
[21-Jan-2026 08:02:29 UTC] PHP Warning:  mysqli_real_connect(): (HY000/2002): Connection refused in /var/www/html/wp-includes/class-wpdb.php on line 1994
[21-Jan-2026 08:02:34 UTC] PHP Warning:  mysqli_real_connect(): (HY000/2002): Connection refused in /var/www/html/wp-includes/class-wpdb.php on line 1994
[21-Jan-2026 08:02:34 UTC] PHP Warning:  mysqli_real_connect(): (HY000/2002): Connection refused in /var/www/html/wp-includes/class-wpdb.php on line 1994
[21-Jan-2026 08:02:38 UTC] PHP Warning:  mysqli_real_connect(): (HY000/2002): Connection refused in /var/www/html/wp-includes/class-wpdb.php on line 1994
[21-Jan-2026 08:02:39 UTC] PHP Warning:  mysqli_real_connect(): (HY000/2002): Connection refused in /var/www/html/wp-includes/class-wpdb.php on line 1994
